<?xml version="1.0" encoding="UTF-8"?>
<!-- Generated by org.testng.reporters.JUnitXMLReporter -->
<testsuite ignored="7" hostname="DESKTOP-F87NFNC" failures="0" tests="2" name="myTest" time="0.32" errors="0" timestamp="2024-03-23T21:00:27 IST">
  <testcase classname="Test1.Grouping" name="paymentInDollar" time="0.025"/>
  <testcase classname="Test1.Grouping" name="paymentReturnByBank" time="0.009"/>
  <testcase classname="Test1.Grouping" name="loginByFacebook" time="0.0">
    <ignored/>
  </testcase> <!-- loginByFacebook -->
  <testcase classname="Test1.Grouping" name="loginByEmail" time="0.0">
    <ignored/>
  </testcase> <!-- loginByEmail -->
  <testcase classname="Test1.Grouping" name="paymentInRupees" time="0.0">
    <ignored/>
  </testcase> <!-- paymentInRupees -->
  <testcase classname="Test1.Grouping" name="signupByEmail" time="0.0">
    <ignored/>
  </testcase> <!-- signupByEmail -->
  <testcase classname="Test1.Grouping" name="loginByTwitter" time="0.0">
    <ignored/>
  </testcase> <!-- loginByTwitter -->
  <testcase classname="Test1.Grouping" name="signupByFacebook" time="0.0">
    <ignored/>
  </testcase> <!-- signupByFacebook -->
  <testcase classname="Test1.Grouping" name="signupByTwitter" time="0.0">
    <ignored/>
  </testcase> <!-- signupByTwitter -->
</testsuite> <!-- myTest -->
