<?xml version="1.0" encoding="UTF-8"?>
<!-- Generated by org.testng.reporters.JUnitXMLReporter -->
<testsuite ignored="1" hostname="DESKTOP-F87NFNC" failures="0" tests="2" name="otherloan" time="0.066" errors="0" timestamp="2024-02-22T14:22:25 IST">
  <testcase classname="Test3.Homeloan" name="MobileLoginHomeLoan" time="0.009"/>
  <testcase classname="Test3.Homeloan" name="WebLoginHomeLoan" time="0.013"/>
  <testcase classname="Test3.Homeloan" name="APILoginHomeLoan" time="0.0">
    <ignored/>
  </testcase> <!-- APILoginHomeLoan -->
</testsuite> <!-- otherloan -->
