<?xml version="1.0" encoding="UTF-8"?>
<!-- Generated by org.testng.reporters.JUnitXMLReporter -->
<testsuite ignored="0" hostname="DESKTOP-F87NFNC" failures="0" tests="10" name="Personal Loan" time="0.53" errors="0" timestamp="2024-02-22T15:47:05 IST">
  <testcase classname="Test3.Demo1" name="method1" time="0.014"/>
  <testcase classname="Test3.Demo3" name="earning" time="0.002"/>
  <testcase classname="Test3.Demo3" name="loan" time="0.008"/>
  <testcase classname="Test3.Homeloan" name="APILoginHomeLoan" time="0.009"/>
  <testcase classname="Test3.Homeloan" name="MobileLoginHomeLoan" time="0.018"/>
  <testcase classname="Test3.Homeloan" name="WebLoginHomeLoan" time="0.067"/>
  <testcase classname="Test3.Login" name="APILogin" time="0.026"/>
  <testcase classname="Test3.Login" name="APILoginCarloan" time="0.006"/>
  <testcase classname="Test3.Login" name="mobileCarloan" time="0.003"/>
  <testcase classname="Test3.Ploan" name="ploan" time="0.02"/>
</testsuite> <!-- Personal Loan -->
