<?xml version="1.0" encoding="UTF-8"?>
<!-- Generated by org.testng.reporters.JUnitXMLReporter -->
<testsuite ignored="4" hostname="DESKTOP-F87NFNC" failures="0" tests="2" name="practice" time="15.777" errors="0" timestamp="2024-03-22T19:03:51 IST">
  <testcase classname="Test2.Demo1" name="googleTest" time="15.638"/>
  <testcase classname="Test2.Demo2" name="m1" time="0.014"/>
  <testcase classname="Test2.Demo1" name="rediffmail" time="0.0">
    <ignored/>
  </testcase> <!-- rediffmail -->
  <testcase classname="Test2.Demo1" name="m1" time="0.0">
    <ignored/>
  </testcase> <!-- m1 -->
  <testcase classname="Test2.Demo2" name="m3" time="0.0">
    <ignored/>
  </testcase> <!-- m3 -->
  <testcase classname="Test2.Demo2" name="m2" time="0.0">
    <ignored/>
  </testcase> <!-- m2 -->
</testsuite> <!-- practice -->
