<?xml version="1.0" encoding="UTF-8"?>
<!-- Generated by org.testng.reporters.JUnitXMLReporter -->
<testsuite ignored="5" hostname="DESKTOP-F87NFNC" failures="0" tests="5" name="Regression" time="0.387" errors="0" timestamp="2024-02-22T15:51:49 IST">
  <testcase classname="Test3.Demo1" name="method1" time="0.03"/>
  <testcase classname="Test3.Demo3" name="loan" time="0.012"/>
  <testcase classname="Test3.Homeloan" name="APILoginHomeLoan" time="0.006"/>
  <testcase classname="Test3.Login" name="mobileCarloan" time="0.025"/>
  <testcase classname="Test3.Ploan" name="ploan" time="0.021"/>
  <testcase classname="Test3.Demo3" name="earning" time="0.0">
    <ignored/>
  </testcase> <!-- earning -->
  <testcase classname="Test3.Homeloan" name="MobileLoginHomeLoan" time="0.0">
    <ignored/>
  </testcase> <!-- MobileLoginHomeLoan -->
  <testcase classname="Test3.Homeloan" name="WebLoginHomeLoan" time="0.0">
    <ignored/>
  </testcase> <!-- WebLoginHomeLoan -->
  <testcase classname="Test3.Login" name="APILoginCarloan" time="0.0">
    <ignored/>
  </testcase> <!-- APILoginCarloan -->
  <testcase classname="Test3.Login" name="APILogin" time="0.0">
    <ignored/>
  </testcase> <!-- APILogin -->
</testsuite> <!-- Regression -->
